<?xml version="1.0" encoding="UTF-8"?>
<!-- Generated by org.testng.reporters.JUnitReportReporter -->
<testsuite hostname="MSNA" failures="0" tests="1" name="com.pom.demowebshopapp.testcases.LoginTest" time="9.178" errors="0" timestamp="2024-09-30T17:05:24 IST" skipped="0">
  <testcase classname="com.pom.demowebshopapp.testcases.LoginTest" name="testLoginHomePage" time="9.178"/>
</testsuite> <!-- com.pom.demowebshopapp.testcases.LoginTest -->
